2022.08.13 13:57:18 INFO  tracing is disabled for protocol LSP, to enable tracing of incoming and outgoing JSON messages create an empty file at /home/esteban/PersonalCode/SalesFloor/.metals/lsp.trace.json or /home/esteban/.cache/metals/lsp.trace.json[0m
2022.08.13 13:57:18 INFO  logging to file /home/esteban/PersonalCode/SalesFloor/.metals/metals.log[0m
2022.08.13 13:57:18 INFO  Started: Metals version 0.11.8 in workspace '/home/esteban/PersonalCode/SalesFloor' for client Visual Studio Code 1.70.1.[0m
2022.08.13 13:57:18 WARN  Flyway upgrade recommended: H2 2.1.214 is newer than this version of Flyway and support has not been tested. The latest supported version of H2 is 2.1.210.[0m
2022.08.13 13:57:19 INFO  time: initialize in 0.84s[0m
2022.08.13 13:57:20 WARN  Build server is not auto-connectable.[0m
2022.08.13 13:57:20 WARN  no build tool detected in workspace '/home/esteban/PersonalCode/SalesFloor'. The most common cause for this problem is that the editor was opened in the wrong working directory, for example if you use sbt then the workspace directory should contain build.sbt. [0m
2022.08.13 13:57:20 WARN  no build target for: /home/esteban/PersonalCode/SalesFloor/back_v1.0/scalasalesfloor/sbt.sbt[0m
2022.08.13 13:57:23 INFO  no build target found for /home/esteban/PersonalCode/SalesFloor/back_v1.0/scalasalesfloor/sbt.sbt. Using presentation compiler with project's scala-library version: 3.1.3[0m
2022.08.13 13:57:24 INFO  time: code lens generation in 3.38s[0m
2022.08.13 13:58:38 WARN  no build target for: /home/esteban/PersonalCode/SalesFloor/back_v1.0/scalasalesfloor/src/main/scala/com/estebanmarin/scalasalesfloor/Main.scala[0m
2022.08.13 14:00:48 WARN  no build target for: /home/esteban/PersonalCode/SalesFloor/back_v1.0/scalasalesfloor/project/plugins.sbt[0m
2022.08.13 14:04:25 WARN  no build target for: /home/esteban/PersonalCode/SalesFloor/back_v1.0/scalasalesfloor/project/plugins.sbt[0m
2022.08.13 14:08:30 WARN  no build target for: /home/esteban/PersonalCode/SalesFloor/back_v1.0/scalasalesfloor/project/sbt.sbt[0m
2022.08.13 14:08:34 WARN  no build target for: /home/esteban/PersonalCode/SalesFloor/back_v1.0/scalasalesfloor/sbt.sbt[0m
2022.08.13 14:08:38 WARN  no build target for: /home/esteban/PersonalCode/SalesFloor/back_v1.0/scalasalesfloor/build.sbt[0m
2022.08.13 14:08:53 WARN  no build target for: /home/esteban/PersonalCode/SalesFloor/back_v1.0/scalasalesfloor/build.sbt[0m
2022.08.13 14:10:00 WARN  no build target for: /home/esteban/PersonalCode/SalesFloor/back_v1.0/scalasalesfloor/project/sbt.sbt[0m
2022.08.13 14:10:12 WARN  no build target for: /home/esteban/PersonalCode/SalesFloor/back_v1.0/scalasalesfloor/sbt.sbt[0m
2022.08.13 14:10:15 WARN  no build target for: /home/esteban/PersonalCode/SalesFloor/back_v1.0/scalasalesfloor/project/sbt.sbt[0m
2022.08.13 14:10:44 WARN  no build target for: /home/esteban/PersonalCode/SalesFloor/back_v1.0/scalasalesfloor/sbt.sbt[0m
2022.08.13 14:10:52 WARN  no build target for: /home/esteban/PersonalCode/SalesFloor/back_v1.0/scalasalesfloor/project/sbt.sbt[0m
2022.08.13 14:10:58 WARN  no build target for: /home/esteban/PersonalCode/SalesFloor/back_v1.0/scalasalesfloor/project/plugins.sbt[0m
2022.08.13 14:11:28 WARN  no build target for: /home/esteban/PersonalCode/SalesFloor/back_v1.0/scalasalesfloor/project/plugins.sbt[0m
2022.08.13 14:11:41 WARN  no build target for: /home/esteban/PersonalCode/SalesFloor/back_v1.0/scalasalesfloor/project/Util.scala[0m
2022.08.13 14:11:42 WARN  no build target for: /home/esteban/PersonalCode/SalesFloor/back_v1.0/scalasalesfloor/project/sbt.sbt[0m
2022.08.13 14:11:44 WARN  no build target for: /home/esteban/PersonalCode/SalesFloor/back_v1.0/scalasalesfloor/sbt.sbt[0m
2022.08.13 14:11:50 WARN  no build target for: /home/esteban/PersonalCode/SalesFloor/back_v1.0/scalasalesfloor/build.sbt[0m
2022.08.13 14:12:47 WARN  no build target for: /home/esteban/PersonalCode/SalesFloor/back_v1.0/scalasalesfloor/project/sbt.sbt[0m
2022.08.13 14:13:16 WARN  no build target for: /home/esteban/PersonalCode/SalesFloor/back_v1.0/scalasalesfloor/sbt.sbt[0m
2022.08.13 14:13:22 WARN  no build target for: /home/esteban/PersonalCode/SalesFloor/back_v1.0/scalasalesfloor/build.sbt[0m
2022.08.13 14:13:58 WARN  no build target for: /home/esteban/PersonalCode/SalesFloor/back_v1.0/scalasalesfloor/project/sbt.sbt[0m
2022.08.13 14:15:30 WARN  no build target for: /home/esteban/PersonalCode/SalesFloor/back_v1.0/scalasalesfloor/project/plugins.sbt[0m
2022.08.13 14:15:42 WARN  no build target for: /home/esteban/PersonalCode/SalesFloor/back_v1.0/scalasalesfloor/build.sbt[0m
2022.08.13 14:16:41 WARN  no build target for: /home/esteban/PersonalCode/SalesFloor/back_v1.0/scalasalesfloor/build.sbt[0m
2022.08.13 14:40:33 INFO  tracing is disabled for protocol LSP, to enable tracing of incoming and outgoing JSON messages create an empty file at /home/esteban/PersonalCode/SalesFloor/.metals/lsp.trace.json or /home/esteban/.cache/metals/lsp.trace.json[0m
2022.08.13 14:40:33 INFO  logging to file /home/esteban/PersonalCode/SalesFloor/.metals/metals.log[0m
2022.08.13 14:40:33 INFO  Started: Metals version 0.11.8 in workspace '/home/esteban/PersonalCode/SalesFloor' for client Visual Studio Code 1.70.1.[0m
2022.08.13 14:40:37 WARN  Flyway upgrade recommended: H2 2.1.214 is newer than this version of Flyway and support has not been tested. The latest supported version of H2 is 2.1.210.[0m
2022.08.13 14:40:38 INFO  time: initialize in 4.08s[0m
2022.08.13 14:40:39 WARN  Build server is not auto-connectable.[0m
2022.08.13 14:40:39 WARN  no build tool detected in workspace '/home/esteban/PersonalCode/SalesFloor'. The most common cause for this problem is that the editor was opened in the wrong working directory, for example if you use sbt then the workspace directory should contain build.sbt. [0m
2022.08.13 14:40:39 WARN  no build target for: /home/esteban/PersonalCode/SalesFloor/back_v1.0/scalasalesfloor/build.sbt[0m
2022.08.13 14:40:41 INFO  no build target found for /home/esteban/PersonalCode/SalesFloor/back_v1.0/scalasalesfloor/build.sbt. Using presentation compiler with project's scala-library version: 3.1.3[0m
2022.08.13 14:40:42 INFO  time: code lens generation in 3.06s[0m
Aug 13, 2022 2:41:53 PM org.eclipse.lsp4j.jsonrpc.RemoteEndpoint handleCancellation
WARNING: Unmatched cancel notification for request id 41
2022.08.13 14:46:56 WARN  no build target for: /home/esteban/PersonalCode/SalesFloor/back_v1.0/scalasalesfloor/build.sbt[0m
2022.08.14 13:55:02 INFO  tracing is disabled for protocol LSP, to enable tracing of incoming and outgoing JSON messages create an empty file at /home/esteban/PersonalCode/SalesFloor/.metals/lsp.trace.json or /home/esteban/.cache/metals/lsp.trace.json[0m
2022.08.14 13:55:02 INFO  logging to file /home/esteban/PersonalCode/SalesFloor/.metals/metals.log[0m
2022.08.14 13:55:02 INFO  Started: Metals version 0.11.8 in workspace '/home/esteban/PersonalCode/SalesFloor' for client Visual Studio Code 1.70.1.[0m
2022.08.14 13:55:06 WARN  Flyway upgrade recommended: H2 2.1.214 is newer than this version of Flyway and support has not been tested. The latest supported version of H2 is 2.1.210.[0m
2022.08.14 13:55:06 INFO  time: initialize in 4.06s[0m
2022.08.14 13:55:07 WARN  Build server is not auto-connectable.[0m
2022.08.14 13:55:07 WARN  no build tool detected in workspace '/home/esteban/PersonalCode/SalesFloor'. The most common cause for this problem is that the editor was opened in the wrong working directory, for example if you use sbt then the workspace directory should contain build.sbt. [0m
2022.08.14 13:55:07 WARN  no build target for: /home/esteban/PersonalCode/SalesFloor/back_v1.0/scalasalesfloor/build.sbt[0m
2022.08.14 13:55:10 INFO  no build target found for /home/esteban/PersonalCode/SalesFloor/back_v1.0/scalasalesfloor/build.sbt. Using presentation compiler with project's scala-library version: 3.1.3[0m
2022.08.14 13:55:11 INFO  time: code lens generation in 3.14s[0m
2022.08.14 13:57:28 WARN  no build target for: /home/esteban/PersonalCode/SalesFloor/back_v1.0/scalasalesfloor/build.sbt[0m
2022.08.14 13:58:48 WARN  no build target for: /home/esteban/PersonalCode/SalesFloor/back_v1.0/scalasalesfloor/project/plugins.sbt[0m
2022.08.14 13:59:29 WARN  no build target for: /home/esteban/PersonalCode/SalesFloor/back_v1.0/scalasalesfloor/build.sbt[0m
2022.08.14 14:27:24 WARN  no build target for: /home/esteban/PersonalCode/SalesFloor/back_v1.0/scalasalesfloor/build.sbt[0m
2022.08.16 10:07:13 INFO  tracing is disabled for protocol LSP, to enable tracing of incoming and outgoing JSON messages create an empty file at /home/esteban/PersonalCode/SalesFloor/.metals/lsp.trace.json or /home/esteban/.cache/metals/lsp.trace.json[0m
2022.08.16 10:07:13 INFO  logging to file /home/esteban/PersonalCode/SalesFloor/.metals/metals.log[0m
2022.08.16 10:07:13 INFO  Started: Metals version 0.11.8 in workspace '/home/esteban/PersonalCode/SalesFloor' for client Visual Studio Code 1.70.1.[0m
2022.08.16 10:07:17 WARN  Flyway upgrade recommended: H2 2.1.214 is newer than this version of Flyway and support has not been tested. The latest supported version of H2 is 2.1.210.[0m
2022.08.16 10:07:17 INFO  time: initialize in 4.1s[0m
2022.08.16 10:07:18 WARN  Build server is not auto-connectable.[0m
2022.08.16 10:07:18 WARN  no build tool detected in workspace '/home/esteban/PersonalCode/SalesFloor'. The most common cause for this problem is that the editor was opened in the wrong working directory, for example if you use sbt then the workspace directory should contain build.sbt. [0m
2022.08.16 10:07:18 WARN  no build target for: /home/esteban/PersonalCode/SalesFloor/back_v1.0/salesfloorsalesfloor/sbt.sbt[0m
2022.08.16 10:07:21 INFO  no build target found for /home/esteban/PersonalCode/SalesFloor/back_v1.0/salesfloorsalesfloor/sbt.sbt. Using presentation compiler with project's scala-library version: 3.1.3[0m
2022.08.16 10:07:22 INFO  time: code lens generation in 3.68s[0m
Aug 16, 2022 10:14:56 AM org.eclipse.lsp4j.jsonrpc.services.GenericEndpoint notify
INFO: Unsupported notification method: $/setTrace
2022.08.16 10:17:59 WARN  no build target for: /home/esteban/PersonalCode/SalesFloor/back_v1.0/salesfloorsalesfloor/sbt.sbt[0m
2022.08.16 10:27:47 WARN  no build target for: /home/esteban/PersonalCode/SalesFloor/back_v1.0/salesfloorsalesfloor/src/main/scala/com/esteban/salesfloorsalesfloor/Main.scala[0m
2022.08.16 10:28:01 WARN  no build target for: /home/esteban/PersonalCode/SalesFloor/back_v1.0/salesfloorsalesfloor/src/main/scala/com/esteban/salesfloorsalesfloor/Main.scala[0m
2022.08.16 10:37:13 WARN  no build target for: /home/esteban/PersonalCode/SalesFloor/back_v1.0/salesfloorsalesfloor/sbt.sbt[0m
2022.08.16 10:37:15 WARN  no build target for: /home/esteban/PersonalCode/SalesFloor/back_v1.0/salesfloorsalesfloor/version.sbt[0m
2022.08.16 10:37:23 WARN  no build target for: /home/esteban/PersonalCode/SalesFloor/back_v1.0/salesfloorsalesfloor/version.sbt[0m
2022.08.16 10:37:25 WARN  no build target for: /home/esteban/PersonalCode/SalesFloor/back_v1.0/salesfloorsalesfloor/sbt.sbt[0m
2022.08.16 10:37:32 WARN  no build target for: /home/esteban/PersonalCode/SalesFloor/back_v1.0/salesfloorsalesfloor/project/sbt.sbt[0m
2022.08.16 10:37:33 WARN  no build target for: /home/esteban/PersonalCode/SalesFloor/back_v1.0/salesfloorsalesfloor/project/plugins.sbt[0m
2022.08.16 10:37:38 WARN  no build target for: /home/esteban/PersonalCode/SalesFloor/back_v1.0/salesfloorsalesfloor/sbt.sbt[0m
2022.08.16 10:46:23 ERROR text document: file:///home/esteban/PersonalCode/SalesFloor/back_v1.0/salesfloorsalesfloor/src/main/scala/com/esteban/salesfloorsalesfloor/Main.scalajava.nio.file.NoSuchFileException: /home/esteban/PersonalCode/SalesFloor/back_v1.0/salesfloorsalesfloor/src/main/scala/com/esteban/salesfloorsalesfloor/Main.scala
	at sun.nio.fs.UnixException.translateToIOException(UnixException.java:92)
	at sun.nio.fs.UnixException.rethrowAsIOException(UnixException.java:111)
	at sun.nio.fs.UnixException.rethrowAsIOException(UnixException.java:116)
	at sun.nio.fs.UnixFileSystemProvider.newByteChannel(UnixFileSystemProvider.java:215)
	at java.nio.file.Files.newByteChannel(Files.java:370)
	at java.nio.file.Files.newByteChannel(Files.java:421)
	at java.nio.file.Files.readAllBytes(Files.java:3205)
	at scala.meta.internal.io.PlatformFileIO$.slurp(PlatformFileIO.scala:45)
	at scala.meta.internal.io.FileIO$.slurp(FileIO.scala:24)
	at scala.meta.internal.metals.InteractiveSemanticdbs.$anonfun$textDocument$2(InteractiveSemanticdbs.scala:90)
	at scala.Option.getOrElse(Option.scala:201)
	at scala.meta.internal.metals.InteractiveSemanticdbs.$anonfun$textDocument$1(InteractiveSemanticdbs.scala:90)
	at java.util.HashMap.compute(HashMap.java:1228)
	at java.util.Collections$SynchronizedMap.compute(Collections.java:2690)
	at scala.meta.internal.metals.InteractiveSemanticdbs.textDocument(InteractiveSemanticdbs.scala:89)
	at scala.meta.internal.metals.InteractiveSemanticdbs.textDocument(InteractiveSemanticdbs.scala:63)
	at scala.meta.internal.metals.AggregateSemanticdbs.loop$1(AggregateSemanticdbs.scala:30)
	at scala.meta.internal.metals.AggregateSemanticdbs.textDocument(AggregateSemanticdbs.scala:36)
	at scala.meta.internal.metals.DocumentHighlightProvider.documentHighlight(DocumentHighlightProvider.scala:27)
	at scala.meta.internal.metals.MetalsLanguageServer.$anonfun$documentHighlights$1(MetalsLanguageServer.scala:1508)
	at scala.meta.internal.metals.CancelTokens$.$anonfun$apply$2(CancelTokens.scala:26)
	at scala.concurrent.Future$.$anonfun$apply$1(Future.scala:678)
	at scala.concurrent.impl.Promise$Transformation.run(Promise.scala:467)
	at java.util.concurrent.ThreadPoolExecutor.runWorker(ThreadPoolExecutor.java:1128)
	at java.util.concurrent.ThreadPoolExecutor$Worker.run(ThreadPoolExecutor.java:628)
	at java.lang.Thread.run(Thread.java:834)
[0m
2022.08.16 10:46:23 ERROR text document: file:///home/esteban/PersonalCode/SalesFloor/back_v1.0/salesfloorsalesfloor/src/main/scala/com/esteban/salesfloorsalesfloor/Main.scalajava.nio.file.NoSuchFileException: /home/esteban/PersonalCode/SalesFloor/back_v1.0/salesfloorsalesfloor/src/main/scala/com/esteban/salesfloorsalesfloor/Main.scala
	at sun.nio.fs.UnixException.translateToIOException(UnixException.java:92)
	at sun.nio.fs.UnixException.rethrowAsIOException(UnixException.java:111)
	at sun.nio.fs.UnixException.rethrowAsIOException(UnixException.java:116)
	at sun.nio.fs.UnixFileSystemProvider.newByteChannel(UnixFileSystemProvider.java:215)
	at java.nio.file.Files.newByteChannel(Files.java:370)
	at java.nio.file.Files.newByteChannel(Files.java:421)
	at java.nio.file.Files.readAllBytes(Files.java:3205)
	at scala.meta.internal.io.PlatformFileIO$.slurp(PlatformFileIO.scala:45)
	at scala.meta.internal.io.FileIO$.slurp(FileIO.scala:24)
	at scala.meta.internal.metals.InteractiveSemanticdbs.$anonfun$textDocument$2(InteractiveSemanticdbs.scala:90)
	at scala.Option.getOrElse(Option.scala:201)
	at scala.meta.internal.metals.InteractiveSemanticdbs.$anonfun$textDocument$1(InteractiveSemanticdbs.scala:90)
	at java.util.HashMap.compute(HashMap.java:1228)
	at java.util.Collections$SynchronizedMap.compute(Collections.java:2690)
	at scala.meta.internal.metals.InteractiveSemanticdbs.textDocument(InteractiveSemanticdbs.scala:89)
	at scala.meta.internal.metals.InteractiveSemanticdbs.textDocument(InteractiveSemanticdbs.scala:63)
	at scala.meta.internal.metals.AggregateSemanticdbs.loop$1(AggregateSemanticdbs.scala:30)
	at scala.meta.internal.metals.AggregateSemanticdbs.textDocument(AggregateSemanticdbs.scala:36)
	at scala.meta.internal.metals.CodeLensProvider.findLenses(CodeLensProvider.scala:22)
	at scala.meta.internal.metals.MetalsLanguageServer.$anonfun$codeLens$2(MetalsLanguageServer.scala:1693)
	at scala.meta.internal.metals.TimerProvider.timedThunk(TimerProvider.scala:25)
	at scala.meta.internal.metals.MetalsLanguageServer.$anonfun$codeLens$1(MetalsLanguageServer.scala:1691)
	at scala.meta.internal.metals.CancelTokens$.$anonfun$apply$2(CancelTokens.scala:26)
	at scala.concurrent.Future$.$anonfun$apply$1(Future.scala:678)
	at scala.concurrent.impl.Promise$Transformation.run(Promise.scala:467)
	at java.util.concurrent.ThreadPoolExecutor.runWorker(ThreadPoolExecutor.java:1128)
	at java.util.concurrent.ThreadPoolExecutor$Worker.run(ThreadPoolExecutor.java:628)
	at java.lang.Thread.run(Thread.java:834)
[0m
2022.08.17 09:58:09 INFO  tracing is disabled for protocol LSP, to enable tracing of incoming and outgoing JSON messages create an empty file at /home/esteban/PersonalCode/SalesFloor/.metals/lsp.trace.json or /home/esteban/.cache/metals/lsp.trace.json[0m
2022.08.17 09:58:10 INFO  logging to file /home/esteban/PersonalCode/SalesFloor/.metals/metals.log[0m
2022.08.17 09:58:10 INFO  Started: Metals version 0.11.8 in workspace '/home/esteban/PersonalCode/SalesFloor' for client Visual Studio Code 1.70.1.[0m
2022.08.17 09:58:14 WARN  Flyway upgrade recommended: H2 2.1.214 is newer than this version of Flyway and support has not been tested. The latest supported version of H2 is 2.1.210.[0m
2022.08.17 09:58:14 INFO  time: initialize in 4.08s[0m
2022.08.17 09:58:15 INFO  Attempting to connect to the build server...[0m
2022.08.17 09:58:15 INFO  Bloop uses /home/esteban/.sdkman/candidates/java/11.0.2-open defined at /home/esteban/.bloop/bloop.json[0m
2022.08.17 09:58:15 INFO  tracing is disabled for protocol BSP, to enable tracing of incoming and outgoing JSON messages create an empty file at /home/esteban/PersonalCode/SalesFloor/.metals/bsp.trace.json or /home/esteban/.cache/metals/bsp.trace.json[0m
2022.08.17 09:58:15 INFO  time: Connected to build server in 0.21s[0m
2022.08.17 09:58:15 INFO  Connected to Build server: Bloop v1.5.3[0m
2022.08.17 09:58:17 INFO  time: indexed workspace in 1.9s[0m
